<?xml version="1.0" encoding="UTF-8"?>
<!-- Generated by org.testng.reporters.JUnitReportReporter -->
<testsuite name="com.moofwd.fmuTestExtent.fmuTestExtentAndroid.PerfilAndroid" tests="3" time="16.316" ignored="9" failures="0" timestamp="24 Jun 2019 11:05:42 GMT" skipped="0" hostname="Darshans-MacBook-Pro.local" errors="0">
  <testcase name="click_On_Perfil" time="0.475" classname="com.moofwd.fmuTestExtent.fmuTestExtentAndroid.PerfilAndroid"/>
  <testcase name="click_On_Profile_Edit" time="7.570" classname="com.moofwd.fmuTestExtent.fmuTestExtentAndroid.PerfilAndroid"/>
  <testcase name="click_On_Save_Right_Icon" time="8.271" classname="com.moofwd.fmuTestExtent.fmuTestExtentAndroid.PerfilAndroid"/>
  <testcase name="tearDown" classname="com.moofwd.Base.TestBase">
    <skipped/>
  </testcase> <!-- tearDown -->
  <testcase name="tearDown" classname="com.moofwd.Base.TestBase">
    <skipped/>
  </testcase> <!-- tearDown -->
  <testcase name="tearDown" classname="com.moofwd.Base.TestBase">
    <skipped/>
  </testcase> <!-- tearDown -->
  <testcase name="tearDown" classname="com.moofwd.Base.TestBase">
    <skipped/>
  </testcase> <!-- tearDown -->
  <testcase name="init" classname="com.moofwd.Base.TestBase">
    <skipped/>
  </testcase> <!-- init -->
  <testcase name="init" classname="com.moofwd.Base.TestBase">
    <skipped/>
  </testcase> <!-- init -->
  <testcase name="init" classname="com.moofwd.Base.TestBase">
    <skipped/>
  </testcase> <!-- init -->
  <testcase name="init" classname="com.moofwd.Base.TestBase">
    <skipped/>
  </testcase> <!-- init -->
  <testcase name="click_On_link_icon" classname="com.moofwd.fmuTestExtent.fmuTestExtentAndroid.AvisosAndroid">
    <skipped/>
  </testcase> <!-- click_On_link_icon -->
</testsuite> <!-- com.moofwd.fmuTestExtent.fmuTestExtentAndroid.PerfilAndroid -->
