<?xml version="1.0" encoding="UTF-8"?>
<!-- Generated by org.testng.reporters.JUnitReportReporter -->
<testsuite name="com.moofwd.fmuTestExtent.fmuTestExtentAndroid.FAQAndroid" tests="1" time="16.554" ignored="2" failures="0" timestamp="25 Jun 2019 11:05:53 GMT" skipped="0" hostname="Darshans-MacBook-Pro.local" errors="0">
  <testcase name="click_On_FAQ" time="16.554" classname="com.moofwd.fmuTestExtent.fmuTestExtentAndroid.FAQAndroid"/>
  <testcase name="tearDown" classname="com.moofwd.Base.TestBase">
    <skipped/>
  </testcase> <!-- tearDown -->
  <testcase name="init" classname="com.moofwd.Base.TestBase">
    <skipped/>
  </testcase> <!-- init -->
</testsuite> <!-- com.moofwd.fmuTestExtent.fmuTestExtentAndroid.FAQAndroid -->
