<?xml version="1.0" encoding="UTF-8"?>
<!-- Generated by org.testng.reporters.JUnitReportReporter -->
<testsuite name="com.moofwd.fmuTestExtent.fmuTestExtentAndroid.DocumentsAndroid" tests="1" time="6.247" ignored="17" failures="0" timestamp="24 Jun 2019 08:38:00 GMT" skipped="0" hostname="Darshans-MacBook-Pro.local" errors="0">
  <testcase name="click_On_Documents" time="6.247" classname="com.moofwd.fmuTestExtent.fmuTestExtentAndroid.DocumentsAndroid"/>
  <testcase name="tearDown" classname="com.moofwd.Base.TestBase">
    <skipped/>
  </testcase> <!-- tearDown -->
  <testcase name="tearDown" classname="com.moofwd.Base.TestBase">
    <skipped/>
  </testcase> <!-- tearDown -->
  <testcase name="tearDown" classname="com.moofwd.Base.TestBase">
    <skipped/>
  </testcase> <!-- tearDown -->
  <testcase name="tearDown" classname="com.moofwd.Base.TestBase">
    <skipped/>
  </testcase> <!-- tearDown -->
  <testcase name="tearDown" classname="com.moofwd.Base.TestBase">
    <skipped/>
  </testcase> <!-- tearDown -->
  <testcase name="tearDown" classname="com.moofwd.Base.TestBase">
    <skipped/>
  </testcase> <!-- tearDown -->
  <testcase name="tearDown" classname="com.moofwd.Base.TestBase">
    <skipped/>
  </testcase> <!-- tearDown -->
  <testcase name="tearDown" classname="com.moofwd.Base.TestBase">
    <skipped/>
  </testcase> <!-- tearDown -->
  <testcase name="init" classname="com.moofwd.Base.TestBase">
    <skipped/>
  </testcase> <!-- init -->
  <testcase name="init" classname="com.moofwd.Base.TestBase">
    <skipped/>
  </testcase> <!-- init -->
  <testcase name="init" classname="com.moofwd.Base.TestBase">
    <skipped/>
  </testcase> <!-- init -->
  <testcase name="init" classname="com.moofwd.Base.TestBase">
    <skipped/>
  </testcase> <!-- init -->
  <testcase name="init" classname="com.moofwd.Base.TestBase">
    <skipped/>
  </testcase> <!-- init -->
  <testcase name="init" classname="com.moofwd.Base.TestBase">
    <skipped/>
  </testcase> <!-- init -->
  <testcase name="init" classname="com.moofwd.Base.TestBase">
    <skipped/>
  </testcase> <!-- init -->
  <testcase name="init" classname="com.moofwd.Base.TestBase">
    <skipped/>
  </testcase> <!-- init -->
  <testcase name="click_On_link_icon" classname="com.moofwd.fmuTestExtent.fmuTestExtentAndroid.AvisosAndroid">
    <skipped/>
  </testcase> <!-- click_On_link_icon -->
</testsuite> <!-- com.moofwd.fmuTestExtent.fmuTestExtentAndroid.DocumentsAndroid -->
