<?xml version="1.0" encoding="UTF-8"?>
<!-- Generated by org.testng.reporters.JUnitReportReporter -->
<testsuite name="com.moofwd.fmuTestExtent.fmuTestExtentAndroid.ServicesAndroid" tests="2" time="42.693" ignored="9" failures="0" timestamp="24 Jun 2019 11:05:52 GMT" skipped="0" hostname="Darshans-MacBook-Pro.local" errors="0">
  <testcase name="click_On_OneoftheServices" time="9.737" classname="com.moofwd.fmuTestExtent.fmuTestExtentAndroid.ServicesAndroid"/>
  <testcase name="clickOn_Services" time="32.956" classname="com.moofwd.fmuTestExtent.fmuTestExtentAndroid.ServicesAndroid"/>
  <testcase name="tearDown" classname="com.moofwd.Base.TestBase">
    <skipped/>
  </testcase> <!-- tearDown -->
  <testcase name="tearDown" classname="com.moofwd.Base.TestBase">
    <skipped/>
  </testcase> <!-- tearDown -->
  <testcase name="tearDown" classname="com.moofwd.Base.TestBase">
    <skipped/>
  </testcase> <!-- tearDown -->
  <testcase name="tearDown" classname="com.moofwd.Base.TestBase">
    <skipped/>
  </testcase> <!-- tearDown -->
  <testcase name="init" classname="com.moofwd.Base.TestBase">
    <skipped/>
  </testcase> <!-- init -->
  <testcase name="init" classname="com.moofwd.Base.TestBase">
    <skipped/>
  </testcase> <!-- init -->
  <testcase name="init" classname="com.moofwd.Base.TestBase">
    <skipped/>
  </testcase> <!-- init -->
  <testcase name="init" classname="com.moofwd.Base.TestBase">
    <skipped/>
  </testcase> <!-- init -->
  <testcase name="click_On_link_icon" classname="com.moofwd.fmuTestExtent.fmuTestExtentAndroid.AvisosAndroid">
    <skipped/>
  </testcase> <!-- click_On_link_icon -->
</testsuite> <!-- com.moofwd.fmuTestExtent.fmuTestExtentAndroid.ServicesAndroid -->
