<?xml version="1.0" encoding="UTF-8"?>
<!-- Generated by org.testng.reporters.JUnitReportReporter -->
<testsuite name="com.moofwd.fmuTestExtent.fmuTestExtentAndroid.EventosAndroid" tests="2" time="7.313" ignored="17" failures="0" timestamp="24 Jun 2019 08:37:50 GMT" skipped="0" hostname="Darshans-MacBook-Pro.local" errors="0">
  <testcase name="click_On_Antigo" time="6.239" classname="com.moofwd.fmuTestExtent.fmuTestExtentAndroid.EventosAndroid"/>
  <testcase name="click_on_Eventos" time="1.074" classname="com.moofwd.fmuTestExtent.fmuTestExtentAndroid.EventosAndroid"/>
  <testcase name="tearDown" classname="com.moofwd.Base.TestBase">
    <skipped/>
  </testcase> <!-- tearDown -->
  <testcase name="tearDown" classname="com.moofwd.Base.TestBase">
    <skipped/>
  </testcase> <!-- tearDown -->
  <testcase name="tearDown" classname="com.moofwd.Base.TestBase">
    <skipped/>
  </testcase> <!-- tearDown -->
  <testcase name="tearDown" classname="com.moofwd.Base.TestBase">
    <skipped/>
  </testcase> <!-- tearDown -->
  <testcase name="tearDown" classname="com.moofwd.Base.TestBase">
    <skipped/>
  </testcase> <!-- tearDown -->
  <testcase name="tearDown" classname="com.moofwd.Base.TestBase">
    <skipped/>
  </testcase> <!-- tearDown -->
  <testcase name="tearDown" classname="com.moofwd.Base.TestBase">
    <skipped/>
  </testcase> <!-- tearDown -->
  <testcase name="tearDown" classname="com.moofwd.Base.TestBase">
    <skipped/>
  </testcase> <!-- tearDown -->
  <testcase name="init" classname="com.moofwd.Base.TestBase">
    <skipped/>
  </testcase> <!-- init -->
  <testcase name="init" classname="com.moofwd.Base.TestBase">
    <skipped/>
  </testcase> <!-- init -->
  <testcase name="init" classname="com.moofwd.Base.TestBase">
    <skipped/>
  </testcase> <!-- init -->
  <testcase name="init" classname="com.moofwd.Base.TestBase">
    <skipped/>
  </testcase> <!-- init -->
  <testcase name="init" classname="com.moofwd.Base.TestBase">
    <skipped/>
  </testcase> <!-- init -->
  <testcase name="init" classname="com.moofwd.Base.TestBase">
    <skipped/>
  </testcase> <!-- init -->
  <testcase name="init" classname="com.moofwd.Base.TestBase">
    <skipped/>
  </testcase> <!-- init -->
  <testcase name="init" classname="com.moofwd.Base.TestBase">
    <skipped/>
  </testcase> <!-- init -->
  <testcase name="click_On_link_icon" classname="com.moofwd.fmuTestExtent.fmuTestExtentAndroid.AvisosAndroid">
    <skipped/>
  </testcase> <!-- click_On_link_icon -->
</testsuite> <!-- com.moofwd.fmuTestExtent.fmuTestExtentAndroid.EventosAndroid -->
